The system is: Darwin - 18.2.0 - x86_64
Compiling the C compiler identification source file "CMakeCCompilerId.c" succeeded.
Compiler: /Applications/Xcode.app/Contents/Developer/Toolchains/XcodeDefault.xctoolchain/usr/bin/cc 
Build flags: 
Id flags:  

The output was:
0


Compilation of the C compiler identification source "CMakeCCompilerId.c" produced "a.out"

The C compiler identification is AppleClang, found in "/Users/suxy/学习/7-大四上/软件工程/ppgdetector/build/CMakeFiles/3.12.0/CompilerIdC/a.out"

Compiling the CXX compiler identification source file "CMakeCXXCompilerId.cpp" succeeded.
Compiler: /Applications/Xcode.app/Contents/Developer/Toolchains/XcodeDefault.xctoolchain/usr/bin/c++ 
Build flags: 
Id flags:  

The output was:
0


Compilation of the CXX compiler identification source "CMakeCXXCompilerId.cpp" produced "a.out"

The CXX compiler identification is AppleClang, found in "/Users/suxy/学习/7-大四上/软件工程/ppgdetector/build/CMakeFiles/3.12.0/CompilerIdCXX/a.out"

Determining if the C compiler works passed with the following output:
Change Dir: /Users/suxy/学习/7-大四上/软件工程/ppgdetector/build/CMakeFiles/CMakeTmp

Run Build Command:"/usr/bin/make" "cmTC_fb41e/fast"
/Applications/Xcode.app/Contents/Developer/usr/bin/make -f CMakeFiles/cmTC_fb41e.dir/build.make CMakeFiles/cmTC_fb41e.dir/build
Building C object CMakeFiles/cmTC_fb41e.dir/testCCompiler.c.o
/Applications/Xcode.app/Contents/Developer/Toolchains/XcodeDefault.xctoolchain/usr/bin/cc    -o CMakeFiles/cmTC_fb41e.dir/testCCompiler.c.o   -c /Users/suxy/学习/7-大四上/软件工程/ppgdetector/build/CMakeFiles/CMakeTmp/testCCompiler.c
Linking C executable cmTC_fb41e
/usr/local/Cellar/cmake/3.12.0/bin/cmake -E cmake_link_script CMakeFiles/cmTC_fb41e.dir/link.txt --verbose=1
/Applications/Xcode.app/Contents/Developer/Toolchains/XcodeDefault.xctoolchain/usr/bin/cc   -Wl,-search_paths_first -Wl,-headerpad_max_install_names   CMakeFiles/cmTC_fb41e.dir/testCCompiler.c.o  -o cmTC_fb41e 


Detecting C compiler ABI info compiled with the following output:
Change Dir: /Users/suxy/学习/7-大四上/软件工程/ppgdetector/build/CMakeFiles/CMakeTmp

Run Build Command:"/usr/bin/make" "cmTC_9e58f/fast"
/Applications/Xcode.app/Contents/Developer/usr/bin/make -f CMakeFiles/cmTC_9e58f.dir/build.make CMakeFiles/cmTC_9e58f.dir/build
Building C object CMakeFiles/cmTC_9e58f.dir/CMakeCCompilerABI.c.o
/Applications/Xcode.app/Contents/Developer/Toolchains/XcodeDefault.xctoolchain/usr/bin/cc    -o CMakeFiles/cmTC_9e58f.dir/CMakeCCompilerABI.c.o   -c /usr/local/Cellar/cmake/3.12.0/share/cmake/Modules/CMakeCCompilerABI.c
Linking C executable cmTC_9e58f
/usr/local/Cellar/cmake/3.12.0/bin/cmake -E cmake_link_script CMakeFiles/cmTC_9e58f.dir/link.txt --verbose=1
/Applications/Xcode.app/Contents/Developer/Toolchains/XcodeDefault.xctoolchain/usr/bin/cc   -Wl,-search_paths_first -Wl,-headerpad_max_install_names  -v -Wl,-v CMakeFiles/cmTC_9e58f.dir/CMakeCCompilerABI.c.o  -o cmTC_9e58f 
Apple LLVM version 10.0.0 (clang-1000.11.45.5)
Target: x86_64-apple-darwin18.2.0
Thread model: posix
InstalledDir: /Applications/Xcode.app/Contents/Developer/Toolchains/XcodeDefault.xctoolchain/usr/bin
 "/Applications/Xcode.app/Contents/Developer/Toolchains/XcodeDefault.xctoolchain/usr/bin/ld" -demangle -lto_library /Applications/Xcode.app/Contents/Developer/Toolchains/XcodeDefault.xctoolchain/usr/lib/libLTO.dylib -dynamic -arch x86_64 -macosx_version_min 10.14.0 -o cmTC_9e58f -search_paths_first -headerpad_max_install_names -v CMakeFiles/cmTC_9e58f.dir/CMakeCCompilerABI.c.o -lSystem /Applications/Xcode.app/Contents/Developer/Toolchains/XcodeDefault.xctoolchain/usr/lib/clang/10.0.0/lib/darwin/libclang_rt.osx.a
@(#)PROGRAM:ld  PROJECT:ld64-409.12
BUILD 17:47:51 Sep 25 2018
configured to support archs: armv6 armv7 armv7s arm64 i386 x86_64 x86_64h armv6m armv7k armv7m armv7em arm64e arm64_32
Library search paths:
	/usr/lib
	/usr/local/lib
Framework search paths:
	/Library/Frameworks/
	/System/Library/Frameworks/


Parsed C implicit link information from above output:
  link line regex: [^( *|.*[/\])(ld|CMAKE_LINK_STARTFILE-NOTFOUND|([^/\]+-)?ld|collect2)[^/\]*( |$)]
  ignore line: [Change Dir: /Users/suxy/学习/7-大四上/软件工程/ppgdetector/build/CMakeFiles/CMakeTmp]
  ignore line: []
  ignore line: [Run Build Command:"/usr/bin/make" "cmTC_9e58f/fast"]
  ignore line: [/Applications/Xcode.app/Contents/Developer/usr/bin/make -f CMakeFiles/cmTC_9e58f.dir/build.make CMakeFiles/cmTC_9e58f.dir/build]
  ignore line: [Building C object CMakeFiles/cmTC_9e58f.dir/CMakeCCompilerABI.c.o]
  ignore line: [/Applications/Xcode.app/Contents/Developer/Toolchains/XcodeDefault.xctoolchain/usr/bin/cc    -o CMakeFiles/cmTC_9e58f.dir/CMakeCCompilerABI.c.o   -c /usr/local/Cellar/cmake/3.12.0/share/cmake/Modules/CMakeCCompilerABI.c]
  ignore line: [Linking C executable cmTC_9e58f]
  ignore line: [/usr/local/Cellar/cmake/3.12.0/bin/cmake -E cmake_link_script CMakeFiles/cmTC_9e58f.dir/link.txt --verbose=1]
  ignore line: [/Applications/Xcode.app/Contents/Developer/Toolchains/XcodeDefault.xctoolchain/usr/bin/cc   -Wl,-search_paths_first -Wl,-headerpad_max_install_names  -v -Wl,-v CMakeFiles/cmTC_9e58f.dir/CMakeCCompilerABI.c.o  -o cmTC_9e58f ]
  ignore line: [Apple LLVM version 10.0.0 (clang-1000.11.45.5)]
  ignore line: [Target: x86_64-apple-darwin18.2.0]
  ignore line: [Thread model: posix]
  ignore line: [InstalledDir: /Applications/Xcode.app/Contents/Developer/Toolchains/XcodeDefault.xctoolchain/usr/bin]
  link line: [ "/Applications/Xcode.app/Contents/Developer/Toolchains/XcodeDefault.xctoolchain/usr/bin/ld" -demangle -lto_library /Applications/Xcode.app/Contents/Developer/Toolchains/XcodeDefault.xctoolchain/usr/lib/libLTO.dylib -dynamic -arch x86_64 -macosx_version_min 10.14.0 -o cmTC_9e58f -search_paths_first -headerpad_max_install_names -v CMakeFiles/cmTC_9e58f.dir/CMakeCCompilerABI.c.o -lSystem /Applications/Xcode.app/Contents/Developer/Toolchains/XcodeDefault.xctoolchain/usr/lib/clang/10.0.0/lib/darwin/libclang_rt.osx.a]
    arg [/Applications/Xcode.app/Contents/Developer/Toolchains/XcodeDefault.xctoolchain/usr/bin/ld] ==> ignore
    arg [-demangle] ==> ignore
    arg [-lto_library] ==> ignore, skip following value
    arg [/Applications/Xcode.app/Contents/Developer/Toolchains/XcodeDefault.xctoolchain/usr/lib/libLTO.dylib] ==> skip value of -lto_library
    arg [-dynamic] ==> ignore
    arg [-arch] ==> ignore
    arg [x86_64] ==> ignore
    arg [-macosx_version_min] ==> ignore
    arg [10.14.0] ==> ignore
    arg [-o] ==> ignore
    arg [cmTC_9e58f] ==> ignore
    arg [-search_paths_first] ==> ignore
    arg [-headerpad_max_install_names] ==> ignore
    arg [-v] ==> ignore
    arg [CMakeFiles/cmTC_9e58f.dir/CMakeCCompilerABI.c.o] ==> ignore
    arg [-lSystem] ==> lib [System]
    arg [/Applications/Xcode.app/Contents/Developer/Toolchains/XcodeDefault.xctoolchain/usr/lib/clang/10.0.0/lib/darwin/libclang_rt.osx.a] ==> lib [/Applications/Xcode.app/Contents/Developer/Toolchains/XcodeDefault.xctoolchain/usr/lib/clang/10.0.0/lib/darwin/libclang_rt.osx.a]
  Library search paths: [;/usr/lib;/usr/local/lib]
  Framework search paths: [;/Library/Frameworks/;/System/Library/Frameworks/]
  remove lib [System]
  remove lib [/Applications/Xcode.app/Contents/Developer/Toolchains/XcodeDefault.xctoolchain/usr/lib/clang/10.0.0/lib/darwin/libclang_rt.osx.a]
  collapse library dir [/usr/lib] ==> [/usr/lib]
  collapse library dir [/usr/local/lib] ==> [/usr/local/lib]
  collapse framework dir [/Library/Frameworks/] ==> [/Library/Frameworks]
  collapse framework dir [/System/Library/Frameworks/] ==> [/System/Library/Frameworks]
  implicit libs: []
  implicit dirs: [/usr/lib;/usr/local/lib]
  implicit fwks: [/Library/Frameworks;/System/Library/Frameworks]




Detecting C [-std=c11] compiler features compiled with the following output:
Change Dir: /Users/suxy/学习/7-大四上/软件工程/ppgdetector/build/CMakeFiles/CMakeTmp

Run Build Command:"/usr/bin/make" "cmTC_f7236/fast"
/Applications/Xcode.app/Contents/Developer/usr/bin/make -f CMakeFiles/cmTC_f7236.dir/build.make CMakeFiles/cmTC_f7236.dir/build
Building C object CMakeFiles/cmTC_f7236.dir/feature_tests.c.o
/Applications/Xcode.app/Contents/Developer/Toolchains/XcodeDefault.xctoolchain/usr/bin/cc   -std=c11 -o CMakeFiles/cmTC_f7236.dir/feature_tests.c.o   -c /Users/suxy/学习/7-大四上/软件工程/ppgdetector/build/CMakeFiles/feature_tests.c
Linking C executable cmTC_f7236
/usr/local/Cellar/cmake/3.12.0/bin/cmake -E cmake_link_script CMakeFiles/cmTC_f7236.dir/link.txt --verbose=1
/Applications/Xcode.app/Contents/Developer/Toolchains/XcodeDefault.xctoolchain/usr/bin/cc   -Wl,-search_paths_first -Wl,-headerpad_max_install_names   CMakeFiles/cmTC_f7236.dir/feature_tests.c.o  -o cmTC_f7236 


    Feature record: C_FEATURE:1c_function_prototypes
    Feature record: C_FEATURE:1c_restrict
    Feature record: C_FEATURE:1c_static_assert
    Feature record: C_FEATURE:1c_variadic_macros


Detecting C [-std=c99] compiler features compiled with the following output:
Change Dir: /Users/suxy/学习/7-大四上/软件工程/ppgdetector/build/CMakeFiles/CMakeTmp

Run Build Command:"/usr/bin/make" "cmTC_ccd67/fast"
/Applications/Xcode.app/Contents/Developer/usr/bin/make -f CMakeFiles/cmTC_ccd67.dir/build.make CMakeFiles/cmTC_ccd67.dir/build
Building C object CMakeFiles/cmTC_ccd67.dir/feature_tests.c.o
/Applications/Xcode.app/Contents/Developer/Toolchains/XcodeDefault.xctoolchain/usr/bin/cc   -std=c99 -o CMakeFiles/cmTC_ccd67.dir/feature_tests.c.o   -c /Users/suxy/学习/7-大四上/软件工程/ppgdetector/build/CMakeFiles/feature_tests.c
Linking C executable cmTC_ccd67
/usr/local/Cellar/cmake/3.12.0/bin/cmake -E cmake_link_script CMakeFiles/cmTC_ccd67.dir/link.txt --verbose=1
/Applications/Xcode.app/Contents/Developer/Toolchains/XcodeDefault.xctoolchain/usr/bin/cc   -Wl,-search_paths_first -Wl,-headerpad_max_install_names   CMakeFiles/cmTC_ccd67.dir/feature_tests.c.o  -o cmTC_ccd67 


    Feature record: C_FEATURE:1c_function_prototypes
    Feature record: C_FEATURE:1c_restrict
    Feature record: C_FEATURE:0c_static_assert
    Feature record: C_FEATURE:1c_variadic_macros


Detecting C [-std=c90] compiler features compiled with the following output:
Change Dir: /Users/suxy/学习/7-大四上/软件工程/ppgdetector/build/CMakeFiles/CMakeTmp

Run Build Command:"/usr/bin/make" "cmTC_b857a/fast"
/Applications/Xcode.app/Contents/Developer/usr/bin/make -f CMakeFiles/cmTC_b857a.dir/build.make CMakeFiles/cmTC_b857a.dir/build
Building C object CMakeFiles/cmTC_b857a.dir/feature_tests.c.o
/Applications/Xcode.app/Contents/Developer/Toolchains/XcodeDefault.xctoolchain/usr/bin/cc   -std=c90 -o CMakeFiles/cmTC_b857a.dir/feature_tests.c.o   -c /Users/suxy/学习/7-大四上/软件工程/ppgdetector/build/CMakeFiles/feature_tests.c
Linking C executable cmTC_b857a
/usr/local/Cellar/cmake/3.12.0/bin/cmake -E cmake_link_script CMakeFiles/cmTC_b857a.dir/link.txt --verbose=1
/Applications/Xcode.app/Contents/Developer/Toolchains/XcodeDefault.xctoolchain/usr/bin/cc   -Wl,-search_paths_first -Wl,-headerpad_max_install_names   CMakeFiles/cmTC_b857a.dir/feature_tests.c.o  -o cmTC_b857a 


    Feature record: C_FEATURE:1c_function_prototypes
    Feature record: C_FEATURE:0c_restrict
    Feature record: C_FEATURE:0c_static_assert
    Feature record: C_FEATURE:0c_variadic_macros
Determining if the CXX compiler works passed with the following output:
Change Dir: /Users/suxy/学习/7-大四上/软件工程/ppgdetector/build/CMakeFiles/CMakeTmp

Run Build Command:"/usr/bin/make" "cmTC_b942d/fast"
/Applications/Xcode.app/Contents/Developer/usr/bin/make -f CMakeFiles/cmTC_b942d.dir/build.make CMakeFiles/cmTC_b942d.dir/build
Building CXX object CMakeFiles/cmTC_b942d.dir/testCXXCompiler.cxx.o
/Applications/Xcode.app/Contents/Developer/Toolchains/XcodeDefault.xctoolchain/usr/bin/c++     -o CMakeFiles/cmTC_b942d.dir/testCXXCompiler.cxx.o -c /Users/suxy/学习/7-大四上/软件工程/ppgdetector/build/CMakeFiles/CMakeTmp/testCXXCompiler.cxx
Linking CXX executable cmTC_b942d
/usr/local/Cellar/cmake/3.12.0/bin/cmake -E cmake_link_script CMakeFiles/cmTC_b942d.dir/link.txt --verbose=1
/Applications/Xcode.app/Contents/Developer/Toolchains/XcodeDefault.xctoolchain/usr/bin/c++    -Wl,-search_paths_first -Wl,-headerpad_max_install_names   CMakeFiles/cmTC_b942d.dir/testCXXCompiler.cxx.o  -o cmTC_b942d 


Detecting CXX compiler ABI info compiled with the following output:
Change Dir: /Users/suxy/学习/7-大四上/软件工程/ppgdetector/build/CMakeFiles/CMakeTmp

Run Build Command:"/usr/bin/make" "cmTC_411bb/fast"
/Applications/Xcode.app/Contents/Developer/usr/bin/make -f CMakeFiles/cmTC_411bb.dir/build.make CMakeFiles/cmTC_411bb.dir/build
Building CXX object CMakeFiles/cmTC_411bb.dir/CMakeCXXCompilerABI.cpp.o
/Applications/Xcode.app/Contents/Developer/Toolchains/XcodeDefault.xctoolchain/usr/bin/c++     -o CMakeFiles/cmTC_411bb.dir/CMakeCXXCompilerABI.cpp.o -c /usr/local/Cellar/cmake/3.12.0/share/cmake/Modules/CMakeCXXCompilerABI.cpp
Linking CXX executable cmTC_411bb
/usr/local/Cellar/cmake/3.12.0/bin/cmake -E cmake_link_script CMakeFiles/cmTC_411bb.dir/link.txt --verbose=1
/Applications/Xcode.app/Contents/Developer/Toolchains/XcodeDefault.xctoolchain/usr/bin/c++    -Wl,-search_paths_first -Wl,-headerpad_max_install_names  -v -Wl,-v CMakeFiles/cmTC_411bb.dir/CMakeCXXCompilerABI.cpp.o  -o cmTC_411bb 
Apple LLVM version 10.0.0 (clang-1000.11.45.5)
Target: x86_64-apple-darwin18.2.0
Thread model: posix
InstalledDir: /Applications/Xcode.app/Contents/Developer/Toolchains/XcodeDefault.xctoolchain/usr/bin
 "/Applications/Xcode.app/Contents/Developer/Toolchains/XcodeDefault.xctoolchain/usr/bin/ld" -demangle -lto_library /Applications/Xcode.app/Contents/Developer/Toolchains/XcodeDefault.xctoolchain/usr/lib/libLTO.dylib -dynamic -arch x86_64 -macosx_version_min 10.14.0 -o cmTC_411bb -search_paths_first -headerpad_max_install_names -v CMakeFiles/cmTC_411bb.dir/CMakeCXXCompilerABI.cpp.o -lc++ -lSystem /Applications/Xcode.app/Contents/Developer/Toolchains/XcodeDefault.xctoolchain/usr/lib/clang/10.0.0/lib/darwin/libclang_rt.osx.a
@(#)PROGRAM:ld  PROJECT:ld64-409.12
BUILD 17:47:51 Sep 25 2018
configured to support archs: armv6 armv7 armv7s arm64 i386 x86_64 x86_64h armv6m armv7k armv7m armv7em arm64e arm64_32
Library search paths:
	/usr/lib
	/usr/local/lib
Framework search paths:
	/Library/Frameworks/
	/System/Library/Frameworks/


Parsed CXX implicit link information from above output:
  link line regex: [^( *|.*[/\])(ld|CMAKE_LINK_STARTFILE-NOTFOUND|([^/\]+-)?ld|collect2)[^/\]*( |$)]
  ignore line: [Change Dir: /Users/suxy/学习/7-大四上/软件工程/ppgdetector/build/CMakeFiles/CMakeTmp]
  ignore line: []
  ignore line: [Run Build Command:"/usr/bin/make" "cmTC_411bb/fast"]
  ignore line: [/Applications/Xcode.app/Contents/Developer/usr/bin/make -f CMakeFiles/cmTC_411bb.dir/build.make CMakeFiles/cmTC_411bb.dir/build]
  ignore line: [Building CXX object CMakeFiles/cmTC_411bb.dir/CMakeCXXCompilerABI.cpp.o]
  ignore line: [/Applications/Xcode.app/Contents/Developer/Toolchains/XcodeDefault.xctoolchain/usr/bin/c++     -o CMakeFiles/cmTC_411bb.dir/CMakeCXXCompilerABI.cpp.o -c /usr/local/Cellar/cmake/3.12.0/share/cmake/Modules/CMakeCXXCompilerABI.cpp]
  ignore line: [Linking CXX executable cmTC_411bb]
  ignore line: [/usr/local/Cellar/cmake/3.12.0/bin/cmake -E cmake_link_script CMakeFiles/cmTC_411bb.dir/link.txt --verbose=1]
  ignore line: [/Applications/Xcode.app/Contents/Developer/Toolchains/XcodeDefault.xctoolchain/usr/bin/c++    -Wl,-search_paths_first -Wl,-headerpad_max_install_names  -v -Wl,-v CMakeFiles/cmTC_411bb.dir/CMakeCXXCompilerABI.cpp.o  -o cmTC_411bb ]
  ignore line: [Apple LLVM version 10.0.0 (clang-1000.11.45.5)]
  ignore line: [Target: x86_64-apple-darwin18.2.0]
  ignore line: [Thread model: posix]
  ignore line: [InstalledDir: /Applications/Xcode.app/Contents/Developer/Toolchains/XcodeDefault.xctoolchain/usr/bin]
  link line: [ "/Applications/Xcode.app/Contents/Developer/Toolchains/XcodeDefault.xctoolchain/usr/bin/ld" -demangle -lto_library /Applications/Xcode.app/Contents/Developer/Toolchains/XcodeDefault.xctoolchain/usr/lib/libLTO.dylib -dynamic -arch x86_64 -macosx_version_min 10.14.0 -o cmTC_411bb -search_paths_first -headerpad_max_install_names -v CMakeFiles/cmTC_411bb.dir/CMakeCXXCompilerABI.cpp.o -lc++ -lSystem /Applications/Xcode.app/Contents/Developer/Toolchains/XcodeDefault.xctoolchain/usr/lib/clang/10.0.0/lib/darwin/libclang_rt.osx.a]
    arg [/Applications/Xcode.app/Contents/Developer/Toolchains/XcodeDefault.xctoolchain/usr/bin/ld] ==> ignore
    arg [-demangle] ==> ignore
    arg [-lto_library] ==> ignore, skip following value
    arg [/Applications/Xcode.app/Contents/Developer/Toolchains/XcodeDefault.xctoolchain/usr/lib/libLTO.dylib] ==> skip value of -lto_library
    arg [-dynamic] ==> ignore
    arg [-arch] ==> ignore
    arg [x86_64] ==> ignore
    arg [-macosx_version_min] ==> ignore
    arg [10.14.0] ==> ignore
    arg [-o] ==> ignore
    arg [cmTC_411bb] ==> ignore
    arg [-search_paths_first] ==> ignore
    arg [-headerpad_max_install_names] ==> ignore
    arg [-v] ==> ignore
    arg [CMakeFiles/cmTC_411bb.dir/CMakeCXXCompilerABI.cpp.o] ==> ignore
    arg [-lc++] ==> lib [c++]
    arg [-lSystem] ==> lib [System]
    arg [/Applications/Xcode.app/Contents/Developer/Toolchains/XcodeDefault.xctoolchain/usr/lib/clang/10.0.0/lib/darwin/libclang_rt.osx.a] ==> lib [/Applications/Xcode.app/Contents/Developer/Toolchains/XcodeDefault.xctoolchain/usr/lib/clang/10.0.0/lib/darwin/libclang_rt.osx.a]
  Library search paths: [;/usr/lib;/usr/local/lib]
  Framework search paths: [;/Library/Frameworks/;/System/Library/Frameworks/]
  remove lib [System]
  remove lib [/Applications/Xcode.app/Contents/Developer/Toolchains/XcodeDefault.xctoolchain/usr/lib/clang/10.0.0/lib/darwin/libclang_rt.osx.a]
  collapse library dir [/usr/lib] ==> [/usr/lib]
  collapse library dir [/usr/local/lib] ==> [/usr/local/lib]
  collapse framework dir [/Library/Frameworks/] ==> [/Library/Frameworks]
  collapse framework dir [/System/Library/Frameworks/] ==> [/System/Library/Frameworks]
  implicit libs: [c++]
  implicit dirs: [/usr/lib;/usr/local/lib]
  implicit fwks: [/Library/Frameworks;/System/Library/Frameworks]




Detecting CXX [-std=c++1z] compiler features compiled with the following output:
Change Dir: /Users/suxy/学习/7-大四上/软件工程/ppgdetector/build/CMakeFiles/CMakeTmp

Run Build Command:"/usr/bin/make" "cmTC_748ef/fast"
/Applications/Xcode.app/Contents/Developer/usr/bin/make -f CMakeFiles/cmTC_748ef.dir/build.make CMakeFiles/cmTC_748ef.dir/build
Building CXX object CMakeFiles/cmTC_748ef.dir/feature_tests.cxx.o
/Applications/Xcode.app/Contents/Developer/Toolchains/XcodeDefault.xctoolchain/usr/bin/c++    -std=c++1z -o CMakeFiles/cmTC_748ef.dir/feature_tests.cxx.o -c /Users/suxy/学习/7-大四上/软件工程/ppgdetector/build/CMakeFiles/feature_tests.cxx
Linking CXX executable cmTC_748ef
/usr/local/Cellar/cmake/3.12.0/bin/cmake -E cmake_link_script CMakeFiles/cmTC_748ef.dir/link.txt --verbose=1
/Applications/Xcode.app/Contents/Developer/Toolchains/XcodeDefault.xctoolchain/usr/bin/c++    -Wl,-search_paths_first -Wl,-headerpad_max_install_names   CMakeFiles/cmTC_748ef.dir/feature_tests.cxx.o  -o cmTC_748ef 


    Feature record: CXX_FEATURE:1cxx_aggregate_default_initializers
    Feature record: CXX_FEATURE:1cxx_alias_templates
    Feature record: CXX_FEATURE:1cxx_alignas
    Feature record: CXX_FEATURE:1cxx_alignof
    Feature record: CXX_FEATURE:1cxx_attributes
    Feature record: CXX_FEATURE:1cxx_attribute_deprecated
    Feature record: CXX_FEATURE:1cxx_auto_type
    Feature record: CXX_FEATURE:1cxx_binary_literals
    Feature record: CXX_FEATURE:1cxx_constexpr
    Feature record: CXX_FEATURE:1cxx_contextual_conversions
    Feature record: CXX_FEATURE:1cxx_decltype
    Feature record: CXX_FEATURE:1cxx_decltype_auto
    Feature record: CXX_FEATURE:1cxx_decltype_incomplete_return_types
    Feature record: CXX_FEATURE:1cxx_default_function_template_args
    Feature record: CXX_FEATURE:1cxx_defaulted_functions
    Feature record: CXX_FEATURE:1cxx_defaulted_move_initializers
    Feature record: CXX_FEATURE:1cxx_delegating_constructors
    Feature record: CXX_FEATURE:1cxx_deleted_functions
    Feature record: CXX_FEATURE:1cxx_digit_separators
    Feature record: CXX_FEATURE:1cxx_enum_forward_declarations
    Feature record: CXX_FEATURE:1cxx_explicit_conversions
    Feature record: CXX_FEATURE:1cxx_extended_friend_declarations
    Feature record: CXX_FEATURE:1cxx_extern_templates
    Feature record: CXX_FEATURE:1cxx_final
    Feature record: CXX_FEATURE:1cxx_func_identifier
    Feature record: CXX_FEATURE:1cxx_generalized_initializers
    Feature record: CXX_FEATURE:1cxx_generic_lambdas
    Feature record: CXX_FEATURE:1cxx_inheriting_constructors
    Feature record: CXX_FEATURE:1cxx_inline_namespaces
    Feature record: CXX_FEATURE:1cxx_lambdas
    Feature record: CXX_FEATURE:1cxx_lambda_init_captures
    Feature record: CXX_FEATURE:1cxx_local_type_template_args
    Feature record: CXX_FEATURE:1cxx_long_long_type
    Feature record: CXX_FEATURE:1cxx_noexcept
    Feature record: CXX_FEATURE:1cxx_nonstatic_member_init
    Feature record: CXX_FEATURE:1cxx_nullptr
    Feature record: CXX_FEATURE:1cxx_override
    Feature record: CXX_FEATURE:1cxx_range_for
    Feature record: CXX_FEATURE:1cxx_raw_string_literals
    Feature record: CXX_FEATURE:1cxx_reference_qualified_functions
    Feature record: CXX_FEATURE:1cxx_relaxed_constexpr
    Feature record: CXX_FEATURE:1cxx_return_type_deduction
    Feature record: CXX_FEATURE:1cxx_right_angle_brackets
    Feature record: CXX_FEATURE:1cxx_rvalue_references
    Feature record: CXX_FEATURE:1cxx_sizeof_member
    Feature record: CXX_FEATURE:1cxx_static_assert
    Feature record: CXX_FEATURE:1cxx_strong_enums
    Feature record: CXX_FEATURE:1cxx_template_template_parameters
    Feature record: CXX_FEATURE:1cxx_thread_local
    Feature record: CXX_FEATURE:1cxx_trailing_return_types
    Feature record: CXX_FEATURE:1cxx_unicode_literals
    Feature record: CXX_FEATURE:1cxx_uniform_initialization
    Feature record: CXX_FEATURE:1cxx_unrestricted_unions
    Feature record: CXX_FEATURE:1cxx_user_literals
    Feature record: CXX_FEATURE:1cxx_variable_templates
    Feature record: CXX_FEATURE:1cxx_variadic_macros
    Feature record: CXX_FEATURE:1cxx_variadic_templates


Detecting CXX [-std=c++14] compiler features compiled with the following output:
Change Dir: /Users/suxy/学习/7-大四上/软件工程/ppgdetector/build/CMakeFiles/CMakeTmp

Run Build Command:"/usr/bin/make" "cmTC_0d633/fast"
/Applications/Xcode.app/Contents/Developer/usr/bin/make -f CMakeFiles/cmTC_0d633.dir/build.make CMakeFiles/cmTC_0d633.dir/build
Building CXX object CMakeFiles/cmTC_0d633.dir/feature_tests.cxx.o
/Applications/Xcode.app/Contents/Developer/Toolchains/XcodeDefault.xctoolchain/usr/bin/c++    -std=c++14 -o CMakeFiles/cmTC_0d633.dir/feature_tests.cxx.o -c /Users/suxy/学习/7-大四上/软件工程/ppgdetector/build/CMakeFiles/feature_tests.cxx
Linking CXX executable cmTC_0d633
/usr/local/Cellar/cmake/3.12.0/bin/cmake -E cmake_link_script CMakeFiles/cmTC_0d633.dir/link.txt --verbose=1
/Applications/Xcode.app/Contents/Developer/Toolchains/XcodeDefault.xctoolchain/usr/bin/c++    -Wl,-search_paths_first -Wl,-headerpad_max_install_names   CMakeFiles/cmTC_0d633.dir/feature_tests.cxx.o  -o cmTC_0d633 


    Feature record: CXX_FEATURE:1cxx_aggregate_default_initializers
    Feature record: CXX_FEATURE:1cxx_alias_templates
    Feature record: CXX_FEATURE:1cxx_alignas
    Feature record: CXX_FEATURE:1cxx_alignof
    Feature record: CXX_FEATURE:1cxx_attributes
    Feature record: CXX_FEATURE:1cxx_attribute_deprecated
    Feature record: CXX_FEATURE:1cxx_auto_type
    Feature record: CXX_FEATURE:1cxx_binary_literals
    Feature record: CXX_FEATURE:1cxx_constexpr
    Feature record: CXX_FEATURE:1cxx_contextual_conversions
    Feature record: CXX_FEATURE:1cxx_decltype
    Feature record: CXX_FEATURE:1cxx_decltype_auto
    Feature record: CXX_FEATURE:1cxx_decltype_incomplete_return_types
    Feature record: CXX_FEATURE:1cxx_default_function_template_args
    Feature record: CXX_FEATURE:1cxx_defaulted_functions
    Feature record: CXX_FEATURE:1cxx_defaulted_move_initializers
    Feature record: CXX_FEATURE:1cxx_delegating_constructors
    Feature record: CXX_FEATURE:1cxx_deleted_functions
    Feature record: CXX_FEATURE:1cxx_digit_separators
    Feature record: CXX_FEATURE:1cxx_enum_forward_declarations
    Feature record: CXX_FEATURE:1cxx_explicit_conversions
    Feature record: CXX_FEATURE:1cxx_extended_friend_declarations
    Feature record: CXX_FEATURE:1cxx_extern_templates
    Feature record: CXX_FEATURE:1cxx_final
    Feature record: CXX_FEATURE:1cxx_func_identifier
    Feature record: CXX_FEATURE:1cxx_generalized_initializers
    Feature record: CXX_FEATURE:1cxx_generic_lambdas
    Feature record: CXX_FEATURE:1cxx_inheriting_constructors
    Feature record: CXX_FEATURE:1cxx_inline_namespaces
    Feature record: CXX_FEATURE:1cxx_lambdas
    Feature record: CXX_FEATURE:1cxx_lambda_init_captures
    Feature record: CXX_FEATURE:1cxx_local_type_template_args
    Feature record: CXX_FEATURE:1cxx_long_long_type
    Feature record: CXX_FEATURE:1cxx_noexcept
    Feature record: CXX_FEATURE:1cxx_nonstatic_member_init
    Feature record: CXX_FEATURE:1cxx_nullptr
    Feature record: CXX_FEATURE:1cxx_override
    Feature record: CXX_FEATURE:1cxx_range_for
    Feature record: CXX_FEATURE:1cxx_raw_string_literals
    Feature record: CXX_FEATURE:1cxx_reference_qualified_functions
    Feature record: CXX_FEATURE:1cxx_relaxed_constexpr
    Feature record: CXX_FEATURE:1cxx_return_type_deduction
    Feature record: CXX_FEATURE:1cxx_right_angle_brackets
    Feature record: CXX_FEATURE:1cxx_rvalue_references
    Feature record: CXX_FEATURE:1cxx_sizeof_member
    Feature record: CXX_FEATURE:1cxx_static_assert
    Feature record: CXX_FEATURE:1cxx_strong_enums
    Feature record: CXX_FEATURE:1cxx_template_template_parameters
    Feature record: CXX_FEATURE:1cxx_thread_local
    Feature record: CXX_FEATURE:1cxx_trailing_return_types
    Feature record: CXX_FEATURE:1cxx_unicode_literals
    Feature record: CXX_FEATURE:1cxx_uniform_initialization
    Feature record: CXX_FEATURE:1cxx_unrestricted_unions
    Feature record: CXX_FEATURE:1cxx_user_literals
    Feature record: CXX_FEATURE:1cxx_variable_templates
    Feature record: CXX_FEATURE:1cxx_variadic_macros
    Feature record: CXX_FEATURE:1cxx_variadic_templates


Detecting CXX [-std=c++11] compiler features compiled with the following output:
Change Dir: /Users/suxy/学习/7-大四上/软件工程/ppgdetector/build/CMakeFiles/CMakeTmp

Run Build Command:"/usr/bin/make" "cmTC_11e72/fast"
/Applications/Xcode.app/Contents/Developer/usr/bin/make -f CMakeFiles/cmTC_11e72.dir/build.make CMakeFiles/cmTC_11e72.dir/build
Building CXX object CMakeFiles/cmTC_11e72.dir/feature_tests.cxx.o
/Applications/Xcode.app/Contents/Developer/Toolchains/XcodeDefault.xctoolchain/usr/bin/c++    -std=c++11 -o CMakeFiles/cmTC_11e72.dir/feature_tests.cxx.o -c /Users/suxy/学习/7-大四上/软件工程/ppgdetector/build/CMakeFiles/feature_tests.cxx
Linking CXX executable cmTC_11e72
/usr/local/Cellar/cmake/3.12.0/bin/cmake -E cmake_link_script CMakeFiles/cmTC_11e72.dir/link.txt --verbose=1
/Applications/Xcode.app/Contents/Developer/Toolchains/XcodeDefault.xctoolchain/usr/bin/c++    -Wl,-search_paths_first -Wl,-headerpad_max_install_names   CMakeFiles/cmTC_11e72.dir/feature_tests.cxx.o  -o cmTC_11e72 


    Feature record: CXX_FEATURE:0cxx_aggregate_default_initializers
    Feature record: CXX_FEATURE:1cxx_alias_templates
    Feature record: CXX_FEATURE:1cxx_alignas
    Feature record: CXX_FEATURE:1cxx_alignof
    Feature record: CXX_FEATURE:1cxx_attributes
    Feature record: CXX_FEATURE:0cxx_attribute_deprecated
    Feature record: CXX_FEATURE:1cxx_auto_type
    Feature record: CXX_FEATURE:0cxx_binary_literals
    Feature record: CXX_FEATURE:1cxx_constexpr
    Feature record: CXX_FEATURE:0cxx_contextual_conversions
    Feature record: CXX_FEATURE:1cxx_decltype
    Feature record: CXX_FEATURE:0cxx_decltype_auto
    Feature record: CXX_FEATURE:1cxx_decltype_incomplete_return_types
    Feature record: CXX_FEATURE:1cxx_default_function_template_args
    Feature record: CXX_FEATURE:1cxx_defaulted_functions
    Feature record: CXX_FEATURE:1cxx_defaulted_move_initializers
    Feature record: CXX_FEATURE:1cxx_delegating_constructors
    Feature record: CXX_FEATURE:1cxx_deleted_functions
    Feature record: CXX_FEATURE:0cxx_digit_separators
    Feature record: CXX_FEATURE:1cxx_enum_forward_declarations
    Feature record: CXX_FEATURE:1cxx_explicit_conversions
    Feature record: CXX_FEATURE:1cxx_extended_friend_declarations
    Feature record: CXX_FEATURE:1cxx_extern_templates
    Feature record: CXX_FEATURE:1cxx_final
    Feature record: CXX_FEATURE:1cxx_func_identifier
    Feature record: CXX_FEATURE:1cxx_generalized_initializers
    Feature record: CXX_FEATURE:0cxx_generic_lambdas
    Feature record: CXX_FEATURE:1cxx_inheriting_constructors
    Feature record: CXX_FEATURE:1cxx_inline_namespaces
    Feature record: CXX_FEATURE:1cxx_lambdas
    Feature record: CXX_FEATURE:0cxx_lambda_init_captures
    Feature record: CXX_FEATURE:1cxx_local_type_template_args
    Feature record: CXX_FEATURE:1cxx_long_long_type
    Feature record: CXX_FEATURE:1cxx_noexcept
    Feature record: CXX_FEATURE:1cxx_nonstatic_member_init
    Feature record: CXX_FEATURE:1cxx_nullptr
    Feature record: CXX_FEATURE:1cxx_override
    Feature record: CXX_FEATURE:1cxx_range_for
    Feature record: CXX_FEATURE:1cxx_raw_string_literals
    Feature record: CXX_FEATURE:1cxx_reference_qualified_functions
    Feature record: CXX_FEATURE:0cxx_relaxed_constexpr
    Feature record: CXX_FEATURE:0cxx_return_type_deduction
    Feature record: CXX_FEATURE:1cxx_right_angle_brackets
    Feature record: CXX_FEATURE:1cxx_rvalue_references
    Feature record: CXX_FEATURE:1cxx_sizeof_member
    Feature record: CXX_FEATURE:1cxx_static_assert
    Feature record: CXX_FEATURE:1cxx_strong_enums
    Feature record: CXX_FEATURE:1cxx_template_template_parameters
    Feature record: CXX_FEATURE:1cxx_thread_local
    Feature record: CXX_FEATURE:1cxx_trailing_return_types
    Feature record: CXX_FEATURE:1cxx_unicode_literals
    Feature record: CXX_FEATURE:1cxx_uniform_initialization
    Feature record: CXX_FEATURE:1cxx_unrestricted_unions
    Feature record: CXX_FEATURE:1cxx_user_literals
    Feature record: CXX_FEATURE:0cxx_variable_templates
    Feature record: CXX_FEATURE:1cxx_variadic_macros
    Feature record: CXX_FEATURE:1cxx_variadic_templates


Detecting CXX [-std=c++98] compiler features compiled with the following output:
Change Dir: /Users/suxy/学习/7-大四上/软件工程/ppgdetector/build/CMakeFiles/CMakeTmp

Run Build Command:"/usr/bin/make" "cmTC_e59c2/fast"
/Applications/Xcode.app/Contents/Developer/usr/bin/make -f CMakeFiles/cmTC_e59c2.dir/build.make CMakeFiles/cmTC_e59c2.dir/build
Building CXX object CMakeFiles/cmTC_e59c2.dir/feature_tests.cxx.o
/Applications/Xcode.app/Contents/Developer/Toolchains/XcodeDefault.xctoolchain/usr/bin/c++    -std=c++98 -o CMakeFiles/cmTC_e59c2.dir/feature_tests.cxx.o -c /Users/suxy/学习/7-大四上/软件工程/ppgdetector/build/CMakeFiles/feature_tests.cxx
Linking CXX executable cmTC_e59c2
/usr/local/Cellar/cmake/3.12.0/bin/cmake -E cmake_link_script CMakeFiles/cmTC_e59c2.dir/link.txt --verbose=1
/Applications/Xcode.app/Contents/Developer/Toolchains/XcodeDefault.xctoolchain/usr/bin/c++    -Wl,-search_paths_first -Wl,-headerpad_max_install_names   CMakeFiles/cmTC_e59c2.dir/feature_tests.cxx.o  -o cmTC_e59c2 


    Feature record: CXX_FEATURE:0cxx_aggregate_default_initializers
    Feature record: CXX_FEATURE:0cxx_alias_templates
    Feature record: CXX_FEATURE:0cxx_alignas
    Feature record: CXX_FEATURE:0cxx_alignof
    Feature record: CXX_FEATURE:0cxx_attributes
    Feature record: CXX_FEATURE:0cxx_attribute_deprecated
    Feature record: CXX_FEATURE:0cxx_auto_type
    Feature record: CXX_FEATURE:0cxx_binary_literals
    Feature record: CXX_FEATURE:0cxx_constexpr
    Feature record: CXX_FEATURE:0cxx_contextual_conversions
    Feature record: CXX_FEATURE:0cxx_decltype
    Feature record: CXX_FEATURE:0cxx_decltype_auto
    Feature record: CXX_FEATURE:0cxx_decltype_incomplete_return_types
    Feature record: CXX_FEATURE:0cxx_default_function_template_args
    Feature record: CXX_FEATURE:0cxx_defaulted_functions
    Feature record: CXX_FEATURE:0cxx_defaulted_move_initializers
    Feature record: CXX_FEATURE:0cxx_delegating_constructors
    Feature record: CXX_FEATURE:0cxx_deleted_functions
    Feature record: CXX_FEATURE:0cxx_digit_separators
    Feature record: CXX_FEATURE:0cxx_enum_forward_declarations
    Feature record: CXX_FEATURE:0cxx_explicit_conversions
    Feature record: CXX_FEATURE:0cxx_extended_friend_declarations
    Feature record: CXX_FEATURE:0cxx_extern_templates
    Feature record: CXX_FEATURE:0cxx_final
    Feature record: CXX_FEATURE:0cxx_func_identifier
    Feature record: CXX_FEATURE:0cxx_generalized_initializers
    Feature record: CXX_FEATURE:0cxx_generic_lambdas
    Feature record: CXX_FEATURE:0cxx_inheriting_constructors
    Feature record: CXX_FEATURE:0cxx_inline_namespaces
    Feature record: CXX_FEATURE:0cxx_lambdas
    Feature record: CXX_FEATURE:0cxx_lambda_init_captures
    Feature record: CXX_FEATURE:0cxx_local_type_template_args
    Feature record: CXX_FEATURE:0cxx_long_long_type
    Feature record: CXX_FEATURE:0cxx_noexcept
    Feature record: CXX_FEATURE:0cxx_nonstatic_member_init
    Feature record: CXX_FEATURE:0cxx_nullptr
    Feature record: CXX_FEATURE:0cxx_override
    Feature record: CXX_FEATURE:0cxx_range_for
    Feature record: CXX_FEATURE:0cxx_raw_string_literals
    Feature record: CXX_FEATURE:0cxx_reference_qualified_functions
    Feature record: CXX_FEATURE:0cxx_relaxed_constexpr
    Feature record: CXX_FEATURE:0cxx_return_type_deduction
    Feature record: CXX_FEATURE:0cxx_right_angle_brackets
    Feature record: CXX_FEATURE:0cxx_rvalue_references
    Feature record: CXX_FEATURE:0cxx_sizeof_member
    Feature record: CXX_FEATURE:0cxx_static_assert
    Feature record: CXX_FEATURE:0cxx_strong_enums
    Feature record: CXX_FEATURE:1cxx_template_template_parameters
    Feature record: CXX_FEATURE:0cxx_thread_local
    Feature record: CXX_FEATURE:0cxx_trailing_return_types
    Feature record: CXX_FEATURE:0cxx_unicode_literals
    Feature record: CXX_FEATURE:0cxx_uniform_initialization
    Feature record: CXX_FEATURE:0cxx_unrestricted_unions
    Feature record: CXX_FEATURE:0cxx_user_literals
    Feature record: CXX_FEATURE:0cxx_variable_templates
    Feature record: CXX_FEATURE:0cxx_variadic_macros
    Feature record: CXX_FEATURE:0cxx_variadic_templates
Determining if the include file pthread.h exists passed with the following output:
Change Dir: /Users/suxy/学习/7-大四上/软件工程/ppgdetector/build/CMakeFiles/CMakeTmp

Run Build Command:"/usr/bin/make" "cmTC_1da0d/fast"
/Applications/Xcode.app/Contents/Developer/usr/bin/make -f CMakeFiles/cmTC_1da0d.dir/build.make CMakeFiles/cmTC_1da0d.dir/build
Building C object CMakeFiles/cmTC_1da0d.dir/CheckIncludeFile.c.o
/Applications/Xcode.app/Contents/Developer/Toolchains/XcodeDefault.xctoolchain/usr/bin/cc    -o CMakeFiles/cmTC_1da0d.dir/CheckIncludeFile.c.o   -c /Users/suxy/学习/7-大四上/软件工程/ppgdetector/build/CMakeFiles/CMakeTmp/CheckIncludeFile.c
Linking C executable cmTC_1da0d
/usr/local/Cellar/cmake/3.12.0/bin/cmake -E cmake_link_script CMakeFiles/cmTC_1da0d.dir/link.txt --verbose=1
/Applications/Xcode.app/Contents/Developer/Toolchains/XcodeDefault.xctoolchain/usr/bin/cc   -Wl,-search_paths_first -Wl,-headerpad_max_install_names   CMakeFiles/cmTC_1da0d.dir/CheckIncludeFile.c.o  -o cmTC_1da0d 


Determining if the pthread_create exist passed with the following output:
Change Dir: /Users/suxy/学习/7-大四上/软件工程/ppgdetector/build/CMakeFiles/CMakeTmp

Run Build Command:"/usr/bin/make" "cmTC_367ff/fast"
/Applications/Xcode.app/Contents/Developer/usr/bin/make -f CMakeFiles/cmTC_367ff.dir/build.make CMakeFiles/cmTC_367ff.dir/build
Building C object CMakeFiles/cmTC_367ff.dir/CheckSymbolExists.c.o
/Applications/Xcode.app/Contents/Developer/Toolchains/XcodeDefault.xctoolchain/usr/bin/cc    -o CMakeFiles/cmTC_367ff.dir/CheckSymbolExists.c.o   -c /Users/suxy/学习/7-大四上/软件工程/ppgdetector/build/CMakeFiles/CMakeTmp/CheckSymbolExists.c
Linking C executable cmTC_367ff
/usr/local/Cellar/cmake/3.12.0/bin/cmake -E cmake_link_script CMakeFiles/cmTC_367ff.dir/link.txt --verbose=1
/Applications/Xcode.app/Contents/Developer/Toolchains/XcodeDefault.xctoolchain/usr/bin/cc   -Wl,-search_paths_first -Wl,-headerpad_max_install_names   CMakeFiles/cmTC_367ff.dir/CheckSymbolExists.c.o  -o cmTC_367ff 

File /Users/suxy/学习/7-大四上/软件工程/ppgdetector/build/CMakeFiles/CMakeTmp/CheckSymbolExists.c:
/* */
#include <pthread.h>

int main(int argc, char** argv)
{
  (void)argv;
#ifndef pthread_create
  return ((int*)(&pthread_create))[argc];
#else
  (void)argc;
  return 0;
#endif
}

Determining if the function XOpenDisplay exists in the /opt/X11/lib/libX11.dylib;/opt/X11/lib/libXext.dylib passed with the following output:
Change Dir: /Users/suxy/学习/7-大四上/软件工程/ppgdetector/build/CMakeFiles/CMakeTmp

Run Build Command:"/usr/bin/make" "cmTC_bcc3b/fast"
/Applications/Xcode.app/Contents/Developer/usr/bin/make -f CMakeFiles/cmTC_bcc3b.dir/build.make CMakeFiles/cmTC_bcc3b.dir/build
Building C object CMakeFiles/cmTC_bcc3b.dir/CheckFunctionExists.c.o
/Applications/Xcode.app/Contents/Developer/Toolchains/XcodeDefault.xctoolchain/usr/bin/cc   -DCHECK_FUNCTION_EXISTS=XOpenDisplay   -o CMakeFiles/cmTC_bcc3b.dir/CheckFunctionExists.c.o   -c /usr/local/Cellar/cmake/3.12.0/share/cmake/Modules/CheckFunctionExists.c
Linking C executable cmTC_bcc3b
/usr/local/Cellar/cmake/3.12.0/bin/cmake -E cmake_link_script CMakeFiles/cmTC_bcc3b.dir/link.txt --verbose=1
/Applications/Xcode.app/Contents/Developer/Toolchains/XcodeDefault.xctoolchain/usr/bin/cc  -DCHECK_FUNCTION_EXISTS=XOpenDisplay -Wl,-search_paths_first -Wl,-headerpad_max_install_names   CMakeFiles/cmTC_bcc3b.dir/CheckFunctionExists.c.o  -o cmTC_bcc3b  -L/opt/X11/lib -Wl,-rpath,/opt/X11/lib /opt/X11/lib/libX11.dylib /opt/X11/lib/libXext.dylib 


Determining if the function gethostbyname exists passed with the following output:
Change Dir: /Users/suxy/学习/7-大四上/软件工程/ppgdetector/build/CMakeFiles/CMakeTmp

Run Build Command:"/usr/bin/make" "cmTC_d1c1d/fast"
/Applications/Xcode.app/Contents/Developer/usr/bin/make -f CMakeFiles/cmTC_d1c1d.dir/build.make CMakeFiles/cmTC_d1c1d.dir/build
Building C object CMakeFiles/cmTC_d1c1d.dir/CheckFunctionExists.c.o
/Applications/Xcode.app/Contents/Developer/Toolchains/XcodeDefault.xctoolchain/usr/bin/cc   -DCHECK_FUNCTION_EXISTS=gethostbyname   -o CMakeFiles/cmTC_d1c1d.dir/CheckFunctionExists.c.o   -c /usr/local/Cellar/cmake/3.12.0/share/cmake/Modules/CheckFunctionExists.c
Linking C executable cmTC_d1c1d
/usr/local/Cellar/cmake/3.12.0/bin/cmake -E cmake_link_script CMakeFiles/cmTC_d1c1d.dir/link.txt --verbose=1
/Applications/Xcode.app/Contents/Developer/Toolchains/XcodeDefault.xctoolchain/usr/bin/cc  -DCHECK_FUNCTION_EXISTS=gethostbyname -Wl,-search_paths_first -Wl,-headerpad_max_install_names   CMakeFiles/cmTC_d1c1d.dir/CheckFunctionExists.c.o  -o cmTC_d1c1d 


Determining if the function connect exists passed with the following output:
Change Dir: /Users/suxy/学习/7-大四上/软件工程/ppgdetector/build/CMakeFiles/CMakeTmp

Run Build Command:"/usr/bin/make" "cmTC_e4b75/fast"
/Applications/Xcode.app/Contents/Developer/usr/bin/make -f CMakeFiles/cmTC_e4b75.dir/build.make CMakeFiles/cmTC_e4b75.dir/build
Building C object CMakeFiles/cmTC_e4b75.dir/CheckFunctionExists.c.o
/Applications/Xcode.app/Contents/Developer/Toolchains/XcodeDefault.xctoolchain/usr/bin/cc   -DCHECK_FUNCTION_EXISTS=connect   -o CMakeFiles/cmTC_e4b75.dir/CheckFunctionExists.c.o   -c /usr/local/Cellar/cmake/3.12.0/share/cmake/Modules/CheckFunctionExists.c
Linking C executable cmTC_e4b75
/usr/local/Cellar/cmake/3.12.0/bin/cmake -E cmake_link_script CMakeFiles/cmTC_e4b75.dir/link.txt --verbose=1
/Applications/Xcode.app/Contents/Developer/Toolchains/XcodeDefault.xctoolchain/usr/bin/cc  -DCHECK_FUNCTION_EXISTS=connect -Wl,-search_paths_first -Wl,-headerpad_max_install_names   CMakeFiles/cmTC_e4b75.dir/CheckFunctionExists.c.o  -o cmTC_e4b75 


Determining if the function remove exists passed with the following output:
Change Dir: /Users/suxy/学习/7-大四上/软件工程/ppgdetector/build/CMakeFiles/CMakeTmp

Run Build Command:"/usr/bin/make" "cmTC_dc682/fast"
/Applications/Xcode.app/Contents/Developer/usr/bin/make -f CMakeFiles/cmTC_dc682.dir/build.make CMakeFiles/cmTC_dc682.dir/build
Building C object CMakeFiles/cmTC_dc682.dir/CheckFunctionExists.c.o
/Applications/Xcode.app/Contents/Developer/Toolchains/XcodeDefault.xctoolchain/usr/bin/cc   -DCHECK_FUNCTION_EXISTS=remove   -o CMakeFiles/cmTC_dc682.dir/CheckFunctionExists.c.o   -c /usr/local/Cellar/cmake/3.12.0/share/cmake/Modules/CheckFunctionExists.c
Linking C executable cmTC_dc682
/usr/local/Cellar/cmake/3.12.0/bin/cmake -E cmake_link_script CMakeFiles/cmTC_dc682.dir/link.txt --verbose=1
/Applications/Xcode.app/Contents/Developer/Toolchains/XcodeDefault.xctoolchain/usr/bin/cc  -DCHECK_FUNCTION_EXISTS=remove -Wl,-search_paths_first -Wl,-headerpad_max_install_names   CMakeFiles/cmTC_dc682.dir/CheckFunctionExists.c.o  -o cmTC_dc682 


Determining if the function shmat exists passed with the following output:
Change Dir: /Users/suxy/学习/7-大四上/软件工程/ppgdetector/build/CMakeFiles/CMakeTmp

Run Build Command:"/usr/bin/make" "cmTC_79f7b/fast"
/Applications/Xcode.app/Contents/Developer/usr/bin/make -f CMakeFiles/cmTC_79f7b.dir/build.make CMakeFiles/cmTC_79f7b.dir/build
Building C object CMakeFiles/cmTC_79f7b.dir/CheckFunctionExists.c.o
/Applications/Xcode.app/Contents/Developer/Toolchains/XcodeDefault.xctoolchain/usr/bin/cc   -DCHECK_FUNCTION_EXISTS=shmat   -o CMakeFiles/cmTC_79f7b.dir/CheckFunctionExists.c.o   -c /usr/local/Cellar/cmake/3.12.0/share/cmake/Modules/CheckFunctionExists.c
Linking C executable cmTC_79f7b
/usr/local/Cellar/cmake/3.12.0/bin/cmake -E cmake_link_script CMakeFiles/cmTC_79f7b.dir/link.txt --verbose=1
/Applications/Xcode.app/Contents/Developer/Toolchains/XcodeDefault.xctoolchain/usr/bin/cc  -DCHECK_FUNCTION_EXISTS=shmat -Wl,-search_paths_first -Wl,-headerpad_max_install_names   CMakeFiles/cmTC_79f7b.dir/CheckFunctionExists.c.o  -o cmTC_79f7b 


Determining if the function IceConnectionNumber exists in the ICE passed with the following output:
Change Dir: /Users/suxy/学习/7-大四上/软件工程/ppgdetector/build/CMakeFiles/CMakeTmp

Run Build Command:"/usr/bin/make" "cmTC_d25a1/fast"
/Applications/Xcode.app/Contents/Developer/usr/bin/make -f CMakeFiles/cmTC_d25a1.dir/build.make CMakeFiles/cmTC_d25a1.dir/build
Building C object CMakeFiles/cmTC_d25a1.dir/CheckFunctionExists.c.o
/Applications/Xcode.app/Contents/Developer/Toolchains/XcodeDefault.xctoolchain/usr/bin/cc   -DCHECK_FUNCTION_EXISTS=IceConnectionNumber   -o CMakeFiles/cmTC_d25a1.dir/CheckFunctionExists.c.o   -c /usr/local/Cellar/cmake/3.12.0/share/cmake/Modules/CheckFunctionExists.c
Linking C executable cmTC_d25a1
/usr/local/Cellar/cmake/3.12.0/bin/cmake -E cmake_link_script CMakeFiles/cmTC_d25a1.dir/link.txt --verbose=1
/Applications/Xcode.app/Contents/Developer/Toolchains/XcodeDefault.xctoolchain/usr/bin/cc  -DCHECK_FUNCTION_EXISTS=IceConnectionNumber -Wl,-search_paths_first -Wl,-headerpad_max_install_names   CMakeFiles/cmTC_d25a1.dir/CheckFunctionExists.c.o  -o cmTC_d25a1  -L/opt/X11/lib -Wl,-rpath,/opt/X11/lib -lICE 


Determining if the function png_create_read_struct exists passed with the following output:
Change Dir: /Users/suxy/学习/7-大四上/软件工程/ppgdetector/build/CMakeFiles/CMakeTmp

Run Build Command:"/usr/bin/make" "cmTC_8ed10/fast"
/Applications/Xcode.app/Contents/Developer/usr/bin/make -f CMakeFiles/cmTC_8ed10.dir/build.make CMakeFiles/cmTC_8ed10.dir/build
Building C object CMakeFiles/cmTC_8ed10.dir/CheckFunctionExists.c.o
/Applications/Xcode.app/Contents/Developer/Toolchains/XcodeDefault.xctoolchain/usr/bin/cc   -DCHECK_FUNCTION_EXISTS=png_create_read_struct   -o CMakeFiles/cmTC_8ed10.dir/CheckFunctionExists.c.o   -c /usr/local/Cellar/cmake/3.12.0/share/cmake/Modules/CheckFunctionExists.c
Linking C executable cmTC_8ed10
/usr/local/Cellar/cmake/3.12.0/bin/cmake -E cmake_link_script CMakeFiles/cmTC_8ed10.dir/link.txt --verbose=1
/Applications/Xcode.app/Contents/Developer/Toolchains/XcodeDefault.xctoolchain/usr/bin/cc  -DCHECK_FUNCTION_EXISTS=png_create_read_struct -Wl,-search_paths_first -Wl,-headerpad_max_install_names   CMakeFiles/cmTC_8ed10.dir/CheckFunctionExists.c.o  -o cmTC_8ed10 /usr/local/lib/libpng.dylib /usr/lib/libz.dylib 


Determining if the function jpeg_read_header exists passed with the following output:
Change Dir: /Users/suxy/学习/7-大四上/软件工程/ppgdetector/build/CMakeFiles/CMakeTmp

Run Build Command:"/usr/bin/make" "cmTC_51935/fast"
/Applications/Xcode.app/Contents/Developer/usr/bin/make -f CMakeFiles/cmTC_51935.dir/build.make CMakeFiles/cmTC_51935.dir/build
Building C object CMakeFiles/cmTC_51935.dir/CheckFunctionExists.c.o
/Applications/Xcode.app/Contents/Developer/Toolchains/XcodeDefault.xctoolchain/usr/bin/cc   -DCHECK_FUNCTION_EXISTS=jpeg_read_header   -o CMakeFiles/cmTC_51935.dir/CheckFunctionExists.c.o   -c /usr/local/Cellar/cmake/3.12.0/share/cmake/Modules/CheckFunctionExists.c
Linking C executable cmTC_51935
/usr/local/Cellar/cmake/3.12.0/bin/cmake -E cmake_link_script CMakeFiles/cmTC_51935.dir/link.txt --verbose=1
/Applications/Xcode.app/Contents/Developer/Toolchains/XcodeDefault.xctoolchain/usr/bin/cc  -DCHECK_FUNCTION_EXISTS=jpeg_read_header -Wl,-search_paths_first -Wl,-headerpad_max_install_names   CMakeFiles/cmTC_51935.dir/CheckFunctionExists.c.o  -o cmTC_51935 /usr/local/lib/libjpeg.dylib 


Determining if the include file sys/types.h exists passed with the following output:
Change Dir: /Users/suxy/学习/7-大四上/软件工程/ppgdetector/build/CMakeFiles/CMakeTmp

Run Build Command:"/usr/bin/make" "cmTC_12b69/fast"
/Applications/Xcode.app/Contents/Developer/usr/bin/make -f CMakeFiles/cmTC_12b69.dir/build.make CMakeFiles/cmTC_12b69.dir/build
Building C object CMakeFiles/cmTC_12b69.dir/CheckIncludeFile.c.o
/Applications/Xcode.app/Contents/Developer/Toolchains/XcodeDefault.xctoolchain/usr/bin/cc    -o CMakeFiles/cmTC_12b69.dir/CheckIncludeFile.c.o   -c /Users/suxy/学习/7-大四上/软件工程/ppgdetector/build/CMakeFiles/CMakeTmp/CheckIncludeFile.c
Linking C executable cmTC_12b69
/usr/local/Cellar/cmake/3.12.0/bin/cmake -E cmake_link_script CMakeFiles/cmTC_12b69.dir/link.txt --verbose=1
/Applications/Xcode.app/Contents/Developer/Toolchains/XcodeDefault.xctoolchain/usr/bin/cc   -Wl,-search_paths_first -Wl,-headerpad_max_install_names   CMakeFiles/cmTC_12b69.dir/CheckIncludeFile.c.o  -o cmTC_12b69 /usr/local/lib/libjpeg.dylib 


Determining if the include file stdint.h exists passed with the following output:
Change Dir: /Users/suxy/学习/7-大四上/软件工程/ppgdetector/build/CMakeFiles/CMakeTmp

Run Build Command:"/usr/bin/make" "cmTC_be424/fast"
/Applications/Xcode.app/Contents/Developer/usr/bin/make -f CMakeFiles/cmTC_be424.dir/build.make CMakeFiles/cmTC_be424.dir/build
Building C object CMakeFiles/cmTC_be424.dir/CheckIncludeFile.c.o
/Applications/Xcode.app/Contents/Developer/Toolchains/XcodeDefault.xctoolchain/usr/bin/cc    -o CMakeFiles/cmTC_be424.dir/CheckIncludeFile.c.o   -c /Users/suxy/学习/7-大四上/软件工程/ppgdetector/build/CMakeFiles/CMakeTmp/CheckIncludeFile.c
Linking C executable cmTC_be424
/usr/local/Cellar/cmake/3.12.0/bin/cmake -E cmake_link_script CMakeFiles/cmTC_be424.dir/link.txt --verbose=1
/Applications/Xcode.app/Contents/Developer/Toolchains/XcodeDefault.xctoolchain/usr/bin/cc   -Wl,-search_paths_first -Wl,-headerpad_max_install_names   CMakeFiles/cmTC_be424.dir/CheckIncludeFile.c.o  -o cmTC_be424 /usr/local/lib/libjpeg.dylib 


Determining if the include file stddef.h exists passed with the following output:
Change Dir: /Users/suxy/学习/7-大四上/软件工程/ppgdetector/build/CMakeFiles/CMakeTmp

Run Build Command:"/usr/bin/make" "cmTC_03c32/fast"
/Applications/Xcode.app/Contents/Developer/usr/bin/make -f CMakeFiles/cmTC_03c32.dir/build.make CMakeFiles/cmTC_03c32.dir/build
Building C object CMakeFiles/cmTC_03c32.dir/CheckIncludeFile.c.o
/Applications/Xcode.app/Contents/Developer/Toolchains/XcodeDefault.xctoolchain/usr/bin/cc    -o CMakeFiles/cmTC_03c32.dir/CheckIncludeFile.c.o   -c /Users/suxy/学习/7-大四上/软件工程/ppgdetector/build/CMakeFiles/CMakeTmp/CheckIncludeFile.c
Linking C executable cmTC_03c32
/usr/local/Cellar/cmake/3.12.0/bin/cmake -E cmake_link_script CMakeFiles/cmTC_03c32.dir/link.txt --verbose=1
/Applications/Xcode.app/Contents/Developer/Toolchains/XcodeDefault.xctoolchain/usr/bin/cc   -Wl,-search_paths_first -Wl,-headerpad_max_install_names   CMakeFiles/cmTC_03c32.dir/CheckIncludeFile.c.o  -o cmTC_03c32 /usr/local/lib/libjpeg.dylib 


Determining size of void* passed with the following output:
Change Dir: /Users/suxy/学习/7-大四上/软件工程/ppgdetector/build/CMakeFiles/CMakeTmp

Run Build Command:"/usr/bin/make" "cmTC_137f9/fast"
/Applications/Xcode.app/Contents/Developer/usr/bin/make -f CMakeFiles/cmTC_137f9.dir/build.make CMakeFiles/cmTC_137f9.dir/build
Building C object CMakeFiles/cmTC_137f9.dir/SIZE_OF_VOID_PTR.c.o
/Applications/Xcode.app/Contents/Developer/Toolchains/XcodeDefault.xctoolchain/usr/bin/cc    -o CMakeFiles/cmTC_137f9.dir/SIZE_OF_VOID_PTR.c.o   -c /Users/suxy/学习/7-大四上/软件工程/ppgdetector/build/CMakeFiles/CheckTypeSize/SIZE_OF_VOID_PTR.c
Linking C executable cmTC_137f9
/usr/local/Cellar/cmake/3.12.0/bin/cmake -E cmake_link_script CMakeFiles/cmTC_137f9.dir/link.txt --verbose=1
/Applications/Xcode.app/Contents/Developer/Toolchains/XcodeDefault.xctoolchain/usr/bin/cc   -Wl,-search_paths_first -Wl,-headerpad_max_install_names   CMakeFiles/cmTC_137f9.dir/SIZE_OF_VOID_PTR.c.o  -o cmTC_137f9 /usr/local/lib/libjpeg.dylib 


Determining if the function cblas_ddot exists passed with the following output:
Change Dir: /Users/suxy/学习/7-大四上/软件工程/ppgdetector/build/CMakeFiles/CMakeTmp

Run Build Command:"/usr/bin/make" "cmTC_796bf/fast"
/Applications/Xcode.app/Contents/Developer/usr/bin/make -f CMakeFiles/cmTC_796bf.dir/build.make CMakeFiles/cmTC_796bf.dir/build
Building C object CMakeFiles/cmTC_796bf.dir/CheckFunctionExists.c.o
/Applications/Xcode.app/Contents/Developer/Toolchains/XcodeDefault.xctoolchain/usr/bin/cc   -DCHECK_FUNCTION_EXISTS=cblas_ddot   -o CMakeFiles/cmTC_796bf.dir/CheckFunctionExists.c.o   -c /usr/local/Cellar/cmake/3.12.0/share/cmake/Modules/CheckFunctionExists.c
Linking C executable cmTC_796bf
/usr/local/Cellar/cmake/3.12.0/bin/cmake -E cmake_link_script CMakeFiles/cmTC_796bf.dir/link.txt --verbose=1
/Applications/Xcode.app/Contents/Developer/Toolchains/XcodeDefault.xctoolchain/usr/bin/cc  -DCHECK_FUNCTION_EXISTS=cblas_ddot -Wl,-search_paths_first -Wl,-headerpad_max_install_names   CMakeFiles/cmTC_796bf.dir/CheckFunctionExists.c.o  -o cmTC_796bf /usr/lib/libcblas.dylib 


Determining if the function sgesv exists passed with the following output:
Change Dir: /Users/suxy/学习/7-大四上/软件工程/ppgdetector/build/CMakeFiles/CMakeTmp

Run Build Command:"/usr/bin/make" "cmTC_d1f71/fast"
/Applications/Xcode.app/Contents/Developer/usr/bin/make -f CMakeFiles/cmTC_d1f71.dir/build.make CMakeFiles/cmTC_d1f71.dir/build
Building C object CMakeFiles/cmTC_d1f71.dir/CheckFunctionExists.c.o
/Applications/Xcode.app/Contents/Developer/Toolchains/XcodeDefault.xctoolchain/usr/bin/cc   -DCHECK_FUNCTION_EXISTS=sgesv   -o CMakeFiles/cmTC_d1f71.dir/CheckFunctionExists.c.o   -c /usr/local/Cellar/cmake/3.12.0/share/cmake/Modules/CheckFunctionExists.c
Linking C executable cmTC_d1f71
/usr/local/Cellar/cmake/3.12.0/bin/cmake -E cmake_link_script CMakeFiles/cmTC_d1f71.dir/link.txt --verbose=1
/Applications/Xcode.app/Contents/Developer/Toolchains/XcodeDefault.xctoolchain/usr/bin/cc  -DCHECK_FUNCTION_EXISTS=sgesv -Wl,-search_paths_first -Wl,-headerpad_max_install_names   CMakeFiles/cmTC_d1f71.dir/CheckFunctionExists.c.o  -o cmTC_d1f71 /usr/lib/liblapack.dylib 


Determining if the function sgesv_ exists passed with the following output:
Change Dir: /Users/suxy/学习/7-大四上/软件工程/ppgdetector/build/CMakeFiles/CMakeTmp

Run Build Command:"/usr/bin/make" "cmTC_87cb5/fast"
/Applications/Xcode.app/Contents/Developer/usr/bin/make -f CMakeFiles/cmTC_87cb5.dir/build.make CMakeFiles/cmTC_87cb5.dir/build
Building C object CMakeFiles/cmTC_87cb5.dir/CheckFunctionExists.c.o
/Applications/Xcode.app/Contents/Developer/Toolchains/XcodeDefault.xctoolchain/usr/bin/cc   -DCHECK_FUNCTION_EXISTS=sgesv_   -o CMakeFiles/cmTC_87cb5.dir/CheckFunctionExists.c.o   -c /usr/local/Cellar/cmake/3.12.0/share/cmake/Modules/CheckFunctionExists.c
Linking C executable cmTC_87cb5
/usr/local/Cellar/cmake/3.12.0/bin/cmake -E cmake_link_script CMakeFiles/cmTC_87cb5.dir/link.txt --verbose=1
/Applications/Xcode.app/Contents/Developer/Toolchains/XcodeDefault.xctoolchain/usr/bin/cc  -DCHECK_FUNCTION_EXISTS=sgesv_ -Wl,-search_paths_first -Wl,-headerpad_max_install_names   CMakeFiles/cmTC_87cb5.dir/CheckFunctionExists.c.o  -o cmTC_87cb5 /usr/lib/liblapack.dylib 


